<?xml version="1.0" encoding="UTF-8" ?>
<testsuite tests="60" failures="0" name="com.yovole.s3.AppTest" time="156.448" errors="0" skipped="0">
  <properties>
[...]
</properties>
  <testcase classname="com.yovole.s3.AppTest" name="test_on" time="0.605"/>
  <testcase classname="com.yovole.s3.AppTest" name="test_user_createUser" time="0.33"/>
  <testcase classname="com.yovole.s3.AppTest" name="test_user_getUserInfo" time="0.075"/>
  <testcase classname="com.yovole.s3.AppTest" name="test_user_modifyUser" time="0.156"/>
  <testcase classname="com.yovole.s3.AppTest" name="test_subuser_createSubUser" time="0.18"/>
  <testcase classname="com.yovole.s3.AppTest" name="test_subuser_modifySubUser" time="0.167"/>
  <testcase classname="com.yovole.s3.AppTest" name="test_subuser_removeSubUser" time="0.181"/>
  <testcase classname="com.yovole.s3.AppTest" name="test_quota_setBucketQuota" time="0.115"/>
  <testcase classname="com.yovole.s3.AppTest" name="test_object_removeObject" time="0.347"/>
  <testcase classname="com.yovole.s3.AppTest" name="test_usage_getAllUsage" time="0.056"/>
  <testcase classname="com.yovole.s3.AppTest" name="test_usage_getUsageWithUid" time="0.024"/>
  <testcase classname="com.yovole.s3.AppTest" name="test_usage_getUsageWithDate" time="0.047"/>
  <testcase classname="com.yovole.s3.AppTest" name="test_usage_removeUsageWithDate" time="0.151"/>
  <testcase classname="com.yovole.s3.AppTest" name="test_usage_removeUsageWithUid" time="0.037"/>
  <testcase classname="com.yovole.s3.AppTest" name="test_usage_removeAllUsage" time="0.201"/>
  <testcase classname="com.yovole.s3.AppTest" name="test_bucket_getAllBucket" time="0.119"/>
  <testcase classname="com.yovole.s3.AppTest" name="test_bucket_createBucket" time="0.112"/>
  <testcase classname="com.yovole.s3.AppTest" name="test_bucket_createBucketWithAcl" time="0.096"/>
  <testcase classname="com.yovole.s3.AppTest" name="test_bucket_getBucketObjectsWithNum" time="0.458"/>
  <testcase classname="com.yovole.s3.AppTest" name="test_bucket_getBucketObjectsWithPrefix" time="0.386"/>
  <testcase classname="com.yovole.s3.AppTest" name="test_bucket_getLocation" time="0.1"/>
  <testcase classname="com.yovole.s3.AppTest" name="test_bucket_getBucketAcl" time="0.107"/>
  <testcase classname="com.yovole.s3.AppTest" name="test_bucket_setBucketAcl" time="0.124"/>
  <testcase classname="com.yovole.s3.AppTest" name="test_bucket_getBucketUploads" time="7.549"/>
  <testcase classname="com.yovole.s3.AppTest" name="test_bucket_enableBucketVersion" time="0.132"/>
  <testcase classname="com.yovole.s3.AppTest" name="test_bucket_unableBucketVersion" time="0.111"/>
  <testcase classname="com.yovole.s3.AppTest" name="test_buckets_removeBucket" time="0.102"/>
  <testcase classname="com.yovole.s3.AppTest" name="test_object_checkObject" time="0.148"/>
  <testcase classname="com.yovole.s3.AppTest" name="test_object_uploadObject" time="0.164"/>
  <testcase classname="com.yovole.s3.AppTest" name="test_object_copyObject" time="0.278"/>
  <testcase classname="com.yovole.s3.AppTest" name="test_object_getObjectInfo" time="0.122"/>
  <testcase classname="com.yovole.s3.AppTest" name="test_object_getObject" time="0.149"/>
  <testcase classname="com.yovole.s3.AppTest" name="test_object_removeObjects" time="0.122"/>
  <testcase classname="com.yovole.s3.AppTest" name="test_object_getObjectAcl" time="0.131"/>
  <testcase classname="com.yovole.s3.AppTest" name="test_object_setObjectAcl" time="0.131"/>
  <testcase classname="com.yovole.s3.AppTest" name="test_object_uploadBigObject" time="138.949"/>
  <testcase classname="com.yovole.s3.AppTest" name="test_object_createDir" time="0.14"/>
  <testcase classname="com.yovole.s3.AppTest" name="test_object_getObjectMeta" time="0.126"/>
  <testcase classname="com.yovole.s3.AppTest" name="test_object_resetObjectHeader" time="0.155"/>
  <testcase classname="com.yovole.s3.AppTest" name="test_object_genTmpUrl" time="0.124"/>
  <testcase classname="com.yovole.s3.AppTest" name="test_object_listObjectVersion" time="0.836"/>
  <testcase classname="com.yovole.s3.AppTest" name="test_user_removeUser" time="0.109"/>
  <testcase classname="com.yovole.s3.AppTest" name="test_bucket_getBucketInfo" time="0.132"/>
  <testcase classname="com.yovole.s3.AppTest" name="test_bucket_checkBucketIndex" time="0.149"/>
  <testcase classname="com.yovole.s3.AppTest" name="test_bucket_unlinkBucket" time="0.151"/>
  <testcase classname="com.yovole.s3.AppTest" name="test_bucket_linkBucket" time="0.355"/>
  <testcase classname="com.yovole.s3.AppTest" name="test_bucket_removeBucket" time="0.108"/>
  <testcase classname="com.yovole.s3.AppTest" name="test_caps_addUserCaps" time="0.114"/>
  <testcase classname="com.yovole.s3.AppTest" name="test_caps_removeUserCaps" time="0.15"/>
  <testcase classname="com.yovole.s3.AppTest" name="test_key_createKey" time="0.131"/>
  <testcase classname="com.yovole.s3.AppTest" name="test_key_createKeySpeci" time="0.177"/>
  <testcase classname="com.yovole.s3.AppTest" name="test_key_createKeySubSpeci" time="0.175"/>
  <testcase classname="com.yovole.s3.AppTest" name="test_key_createKeySub" time="0.178"/>
  <testcase classname="com.yovole.s3.AppTest" name="test_key_removeKey" time="0.154"/>
  <testcase classname="com.yovole.s3.AppTest" name="test_key_removeKeyWithUid" time="0.147"/>
  <testcase classname="com.yovole.s3.AppTest" name="test_policy_getBucketPolicy" time="0.124"/>
  <testcase classname="com.yovole.s3.AppTest" name="test_policy_getObjectPolicy" time="0.147"/>
  <testcase classname="com.yovole.s3.AppTest" name="test_quota_getUserQuota" time="0.089"/>
  <testcase classname="com.yovole.s3.AppTest" name="test_quota_setUserQuota" time="0.113"/>
  <testcase classname="com.yovole.s3.AppTest" name="test_quota_getBucketQuota" time="0.102"/>
</testsuite>